<?xml version="1.0" encoding="UTF-8"?>
<testng-results ignored="0" total="1" passed="1" failed="0" skipped="0">
  <reporter-output>
  </reporter-output>
  <suite started-at="2023-11-08T00:47:21 IST" name="Suite" finished-at="2023-11-08T00:47:26 IST" duration-ms="4783">
    <groups>
    </groups>
    <test started-at="2023-11-08T00:47:21 IST" name="Test" finished-at="2023-11-08T00:47:26 IST" duration-ms="4783">
      <class name="Demo.Sample.Demo">
        <test-method is-config="true" signature="getStartTime()[pri:0, instance:Demo.Sample.Demo@76508ed1]" started-at="2023-11-08T00:47:21 IST" name="getStartTime" finished-at="2023-11-08T00:47:21 IST" duration-ms="17" status="PASS">
          <reporter-output>
          </reporter-output>
        </test-method> <!-- getStartTime -->
        <test-method signature="openBrowser()[pri:0, instance:Demo.Sample.Demo@76508ed1]" started-at="2023-11-08T00:47:21 IST" name="openBrowser" finished-at="2023-11-08T00:47:26 IST" duration-ms="4492" status="PASS">
          <reporter-output>
          </reporter-output>
        </test-method> <!-- openBrowser -->
        <test-method is-config="true" signature="getExecutionTime()[pri:0, instance:Demo.Sample.Demo@76508ed1]" started-at="2023-11-08T00:47:26 IST" name="getExecutionTime" finished-at="2023-11-08T00:47:26 IST" duration-ms="201" status="PASS">
          <reporter-output>
          </reporter-output>
        </test-method> <!-- getExecutionTime -->
      </class> <!-- Demo.Sample.Demo -->
    </test> <!-- Test -->
  </suite> <!-- Suite -->
</testng-results>
