<?xml version="1.0" encoding="UTF-8"?>
<testng-results ignored="0" total="1" passed="1" failed="0" skipped="0">
  <reporter-output>
  </reporter-output>
  <suite started-at="2023-11-07T23:49:10 IST" name="Default suite" finished-at="2023-11-07T23:49:14 IST" duration-ms="3390">
    <groups>
    </groups>
    <test started-at="2023-11-07T23:49:10 IST" name="Default test" finished-at="2023-11-07T23:49:14 IST" duration-ms="3390">
      <class name="Demo.Sample.Demo">
        <test-method is-config="true" signature="getStartTime()[pri:0, instance:Demo.Sample.Demo@31c88ec8]" started-at="2023-11-07T23:49:10 IST" name="getStartTime" finished-at="2023-11-07T23:49:10 IST" duration-ms="8" status="PASS">
          <reporter-output>
          </reporter-output>
        </test-method> <!-- getStartTime -->
        <test-method signature="openBrowser()[pri:0, instance:Demo.Sample.Demo@31c88ec8]" started-at="2023-11-07T23:49:10 IST" name="openBrowser" finished-at="2023-11-07T23:49:14 IST" duration-ms="3232" status="PASS">
          <reporter-output>
          </reporter-output>
        </test-method> <!-- openBrowser -->
        <test-method is-config="true" signature="getExecutionTime()[pri:0, instance:Demo.Sample.Demo@31c88ec8]" started-at="2023-11-07T23:49:14 IST" name="getExecutionTime" finished-at="2023-11-07T23:49:14 IST" duration-ms="107" status="PASS">
          <reporter-output>
          </reporter-output>
        </test-method> <!-- getExecutionTime -->
      </class> <!-- Demo.Sample.Demo -->
    </test> <!-- Default test -->
  </suite> <!-- Default suite -->
</testng-results>
